<?xml version="1.0" encoding="UTF-8"?>
<testsuite name="com.kenzie.appserver.service.ChexMixBagServiceTest" tests="2" skipped="0" failures="0" errors="0" timestamp="2024-01-09T03:01:23" hostname="Caios-MacBook-Air.local" time="0.201">
  <properties/>
  <testcase name="findById()" classname="com.kenzie.appserver.service.ChexMixBagServiceTest" time="0.194"/>
  <testcase name="findById_invalid()" classname="com.kenzie.appserver.service.ChexMixBagServiceTest" time="0.004"/>
  <system-out><![CDATA[]]></system-out>
  <system-err><![CDATA[]]></system-err>
</testsuite>
